"../../../../../../Users/zeyul/Documents/GitHub/Unreal-Template/Unreal_Template/Content/Anim/spinning.uasset" 0
"../../../../../../Users/zeyul/Documents/GitHub/Unreal-Template/Unreal_Template/Content/FirstPerson/Character/Mesh/SK_Mannequin_Arms_Skeleton.uasset" 1
"../../../../../../Users/zeyul/Documents/GitHub/Unreal-Template/Unreal_Template/Content/FirstPerson/Animations/FirstPerson_Idle.uasset" 2
"../../../../../../Users/zeyul/Documents/GitHub/Unreal-Template/Unreal_Template/Content/FirstPerson/Animations/FirstPerson_JumpEnd.uasset" 3
"../../../../../../Users/zeyul/Documents/GitHub/Unreal-Template/Unreal_Template/Content/FirstPerson/Animations/FirstPerson_JumpLoop.uasset" 4
"../../../../../../Users/zeyul/Documents/GitHub/Unreal-Template/Unreal_Template/Content/FirstPerson/Animations/FirstPerson_JumpStart.uasset" 5
"../../../Engine/Content/Animation/DefaultAnimBoneCompressionSettings.uasset" 6
"../../../../../../Users/zeyul/Documents/GitHub/Unreal-Template/Unreal_Template/Content/Sounds/walk.uasset" 7
"../../../../../../Users/zeyul/Documents/GitHub/Unreal-Template/Unreal_Template/Content/FirstPerson/Animations/FirstPerson_Run.uasset" 8
"../../../Engine/Content/EditorBlueprintResources/StandardMacros.uasset" 9
"../../../../../../Users/zeyul/Documents/GitHub/Unreal-Template/Unreal_Template/Content/FirstPerson/Animations/FirstPerson_AnimBP.uasset" 10
"../../../../../../Users/zeyul/Documents/GitHub/Unreal-Template/Unreal_Template/Content/FirstPerson/Character/Mesh/FirstPersonAnimBlueprint_Copy.uasset" 11
"../../../../../../Users/zeyul/Documents/GitHub/Unreal-Template/Unreal_Template/Content/FirstPerson/Character/Textures/UE4_LOGO_CARD.uasset" 12
"../../../../../../Users/zeyul/Documents/GitHub/Unreal-Template/Unreal_Template/Content/FirstPerson/FPWeapon/Materials/MaterialLayers/ML_Plastic_Shiny_Beige_LOGO.uasset" 13
"../../../../../../Users/zeyul/Documents/GitHub/Unreal-Template/Unreal_Template/Content/FirstPerson/FPWeapon/Materials/MaterialLayers/T_ML_FineRubber.uasset" 14
"../../../../../../Users/zeyul/Documents/GitHub/Unreal-Template/Unreal_Template/Content/FirstPerson/FPWeapon/Mesh/SK_FPGun_PhysicsAsset.uasset" 15
"../../../../../../Users/zeyul/Documents/GitHub/Unreal-Template/Unreal_Template/Content/FirstPerson/Meshes/BaseMaterial.uasset" 16
"../../../../../../Users/zeyul/Documents/GitHub/Unreal-Template/Unreal_Template/Content/FirstPerson/Meshes/CubeMaterialOverride.uasset" 17
"../../../../../../Users/zeyul/Documents/GitHub/Unreal-Template/Unreal_Template/Content/FirstPersonBP/FirstPersonOverview.uasset" 18
"../../../../../../Users/zeyul/Documents/GitHub/Unreal-Template/Unreal_Template/Content/Geometry/Meshes/CubeMaterial.uasset" 19
"../../../../../../Users/zeyul/Documents/GitHub/Unreal-Template/Unreal_Template/Content/Geometry/Meshes/1M_Cube.uasset" 20
"../../../../../../Users/zeyul/Documents/GitHub/Unreal-Template/Unreal_Template/Content/Geometry/Meshes/1M_Cube_Chamfer.uasset" 21
"../../../../../../Users/zeyul/Documents/GitHub/Unreal-Template/Unreal_Template/Content/Geometry/Meshes/TemplateFloor.uasset" 22
"../../../../../../Users/zeyul/Documents/GitHub/Unreal-Template/Unreal_Template/Content/Models/trees/bark12_n.uasset" 23
"../../../../../../Users/zeyul/Documents/GitHub/Unreal-Template/Unreal_Template/Content/Models/trees/bark12_s.uasset" 24
"../../../../../../Users/zeyul/Documents/GitHub/Unreal-Template/Unreal_Template/Content/Models/trees/leaf_tropical_n.uasset" 25
"../../../../../../Users/zeyul/Documents/GitHub/Unreal-Template/Unreal_Template/Content/Models/trees/leaf_tropical_s.uasset" 26
"../../../../../../Users/zeyul/Documents/GitHub/Unreal-Template/Unreal_Template/Content/Models/trees/leaf_tropical_t.uasset" 27
"../../../../../../Users/zeyul/Documents/GitHub/Unreal-Template/Unreal_Template/Content/Models/trees/leaf_walnut_n.uasset" 28
"../../../../../../Users/zeyul/Documents/GitHub/Unreal-Template/Unreal_Template/Content/Models/trees/leaf_walnut_s.uasset" 29
"../../../../../../Users/zeyul/Documents/GitHub/Unreal-Template/Unreal_Template/Content/Models/trees/leaf_walnut_t.uasset" 30
"../../../../../../Users/zeyul/Documents/GitHub/Unreal-Template/Unreal_Template/Content/Sounds/null.uasset" 31
"../../../../../../Users/zeyul/Documents/GitHub/Unreal-Template/Unreal_Template/Content/Sounds/walk1.uasset" 32
"../../../../../../Users/zeyul/Documents/GitHub/Unreal-Template/Unreal_Template/Content/Sounds/walk2.uasset" 33
"../../../../../../Users/zeyul/Documents/GitHub/Unreal-Template/Unreal_Template/Content/Sounds/walk3.uasset" 34
"../../../../../../Users/zeyul/Documents/GitHub/Unreal-Template/Unreal_Template/Content/Sounds/walk4.uasset" 35
"../../../../../../Users/zeyul/Documents/GitHub/Unreal-Template/Unreal_Template/Content/Sounds/walk5.uasset" 36
"../../../../../../Users/zeyul/Documents/GitHub/Unreal-Template/Unreal_Template/Content/StarterContent/Materials/M_Basic_Floor.uasset" 37
"../../../../../../Users/zeyul/Documents/GitHub/Unreal-Template/Unreal_Template/Content/StarterContent/Architecture/Floor_400x400.uasset" 38
"../../../../../../Users/zeyul/Documents/GitHub/Unreal-Template/Unreal_Template/Content/StarterContent/Materials/M_Basic_Wall.uasset" 39
"../../../../../../Users/zeyul/Documents/GitHub/Unreal-Template/Unreal_Template/Content/StarterContent/Architecture/Pillar_50x500.uasset" 40
"../../../../../../Users/zeyul/Documents/GitHub/Unreal-Template/Unreal_Template/Content/StarterContent/Architecture/Wall_400x200.uasset" 41
"../../../../../../Users/zeyul/Documents/GitHub/Unreal-Template/Unreal_Template/Content/StarterContent/Architecture/Wall_400x300.uasset" 42
"../../../../../../Users/zeyul/Documents/GitHub/Unreal-Template/Unreal_Template/Content/StarterContent/Architecture/Wall_400x400.uasset" 43
"../../../../../../Users/zeyul/Documents/GitHub/Unreal-Template/Unreal_Template/Content/StarterContent/Architecture/Wall_500x500.uasset" 44
"../../../../../../Users/zeyul/Documents/GitHub/Unreal-Template/Unreal_Template/Content/StarterContent/Architecture/Wall_Door_400x300.uasset" 45
"../../../../../../Users/zeyul/Documents/GitHub/Unreal-Template/Unreal_Template/Content/StarterContent/Architecture/Wall_Door_400x400.uasset" 46
"../../../../../../Users/zeyul/Documents/GitHub/Unreal-Template/Unreal_Template/Content/StarterContent/Architecture/Wall_Window_400x300.uasset" 47
"../../../../../../Users/zeyul/Documents/GitHub/Unreal-Template/Unreal_Template/Content/StarterContent/Architecture/Wall_Window_400x400.uasset" 48
"../../../../../../Users/zeyul/Documents/GitHub/Unreal-Template/Unreal_Template/Content/StarterContent/Audio/Collapse01.uasset" 49
"../../../../../../Users/zeyul/Documents/GitHub/Unreal-Template/Unreal_Template/Content/StarterContent/Audio/Collapse02.uasset" 50
"../../../../../../Users/zeyul/Documents/GitHub/Unreal-Template/Unreal_Template/Content/StarterContent/Audio/Collapse_Cue.uasset" 51
"../../../../../../Users/zeyul/Documents/GitHub/Unreal-Template/Unreal_Template/Content/StarterContent/Audio/Explosion01.uasset" 52
"../../../../../../Users/zeyul/Documents/GitHub/Unreal-Template/Unreal_Template/Content/StarterContent/Audio/Explosion02.uasset" 53
"../../../../../../Users/zeyul/Documents/GitHub/Unreal-Template/Unreal_Template/Content/StarterContent/Audio/Fire01.uasset" 54
"../../../../../../Users/zeyul/Documents/GitHub/Unreal-Template/Unreal_Template/Content/StarterContent/Audio/Fire_Sparks01.uasset" 55
"../../../../../../Users/zeyul/Documents/GitHub/Unreal-Template/Unreal_Template/Content/StarterContent/Audio/Light01.uasset" 56
"../../../../../../Users/zeyul/Documents/GitHub/Unreal-Template/Unreal_Template/Content/StarterContent/Audio/Light01_Cue.uasset" 57
"../../../../../../Users/zeyul/Documents/GitHub/Unreal-Template/Unreal_Template/Content/StarterContent/Audio/Light02.uasset" 58
"../../../../../../Users/zeyul/Documents/GitHub/Unreal-Template/Unreal_Template/Content/StarterContent/Audio/Light02_Cue.uasset" 59
"../../../../../../Users/zeyul/Documents/GitHub/Unreal-Template/Unreal_Template/Content/StarterContent/Audio/Smoke01.uasset" 60
"../../../../../../Users/zeyul/Documents/GitHub/Unreal-Template/Unreal_Template/Content/StarterContent/Audio/Starter_Background_Cue.uasset" 61
"../../../../../../Users/zeyul/Documents/GitHub/Unreal-Template/Unreal_Template/Content/StarterContent/Audio/Starter_Birds01.uasset" 62
"../../../../../../Users/zeyul/Documents/GitHub/Unreal-Template/Unreal_Template/Content/StarterContent/Audio/Starter_Music01.uasset" 63
"../../../../../../Users/zeyul/Documents/GitHub/Unreal-Template/Unreal_Template/Content/StarterContent/Audio/Starter_Music_Cue.uasset" 64
"../../../../../../Users/zeyul/Documents/GitHub/Unreal-Template/Unreal_Template/Content/StarterContent/Audio/Starter_Wind05.uasset" 65
"../../../../../../Users/zeyul/Documents/GitHub/Unreal-Template/Unreal_Template/Content/StarterContent/Audio/Starter_Wind06.uasset" 66
"../../../../../../Users/zeyul/Documents/GitHub/Unreal-Template/Unreal_Template/Content/StarterContent/Audio/Steam01.uasset" 67
"../../../../../../Users/zeyul/Documents/GitHub/Unreal-Template/Unreal_Template/Content/StarterContent/Textures/T_Lamp_M.uasset" 68
"../../../../../../Users/zeyul/Documents/GitHub/Unreal-Template/Unreal_Template/Content/StarterContent/Textures/T_Lamp_N.uasset" 69
"../../../../../../Users/zeyul/Documents/GitHub/Unreal-Template/Unreal_Template/Content/StarterContent/Props/Materials/M_Lamp.uasset" 70
"../../../../../../Users/zeyul/Documents/GitHub/Unreal-Template/Unreal_Template/Content/StarterContent/Props/SM_Lamp_Ceiling.uasset" 71
"../../../../../../Users/zeyul/Documents/GitHub/Unreal-Template/Unreal_Template/Content/StarterContent/Blueprints/Blueprint_CeilingLight.uasset" 72
"../../../../../../Users/zeyul/Documents/GitHub/Unreal-Template/Unreal_Template/Content/StarterContent/Audio/Explosion_Cue.uasset" 73
"../../../../../../Users/zeyul/Documents/GitHub/Unreal-Template/Unreal_Template/Content/StarterContent/Textures/T_Burst_M.uasset" 74
"../../../../../../Users/zeyul/Documents/GitHub/Unreal-Template/Unreal_Template/Content/StarterContent/Particles/Materials/M_Burst.uasset" 75
"../../../../../../Users/zeyul/Documents/GitHub/Unreal-Template/Unreal_Template/Content/StarterContent/Textures/T_Explosion_SubUV.uasset" 76
"../../../../../../Users/zeyul/Documents/GitHub/Unreal-Template/Unreal_Template/Content/StarterContent/Particles/Materials/M_explosion_subUV.uasset" 77
"../../../../../../Users/zeyul/Documents/GitHub/Unreal-Template/Unreal_Template/Content/StarterContent/Particles/Materials/m_flare_01.uasset" 78
"../../../Engine/Content/Functions/Engine_MaterialFunctions01/Gradient/RadialGradient.uasset" 79
"../../../../../../Users/zeyul/Documents/GitHub/Unreal-Template/Unreal_Template/Content/StarterContent/Particles/Materials/M_radial_ramp.uasset" 80
"../../../../../../Users/zeyul/Documents/GitHub/Unreal-Template/Unreal_Template/Content/StarterContent/Textures/T_Smoke_SubUV.uasset" 81
"../../../../../../Users/zeyul/Documents/GitHub/Unreal-Template/Unreal_Template/Content/StarterContent/Textures/T_Smoke_Tiled_D.uasset" 82
"../../../../../../Users/zeyul/Documents/GitHub/Unreal-Template/Unreal_Template/Content/StarterContent/Particles/Materials/M_smoke_subUV.uasset" 83
"../../../../../../Users/zeyul/Documents/GitHub/Unreal-Template/Unreal_Template/Content/StarterContent/Particles/P_Explosion.uasset" 84
"../../../../../../Users/zeyul/Documents/GitHub/Unreal-Template/Unreal_Template/Content/StarterContent/Blueprints/Blueprint_Effect_Explosion.uasset" 85
"../../../../../../Users/zeyul/Documents/GitHub/Unreal-Template/Unreal_Template/Content/StarterContent/Audio/Fire01_Cue.uasset" 86
"../../../../../../Users/zeyul/Documents/GitHub/Unreal-Template/Unreal_Template/Content/StarterContent/Textures/T_Fire_SubUV.uasset" 87
"../../../../../../Users/zeyul/Documents/GitHub/Unreal-Template/Unreal_Template/Content/StarterContent/Textures/T_Fire_Tiled_D.uasset" 88
"../../../../../../Users/zeyul/Documents/GitHub/Unreal-Template/Unreal_Template/Content/StarterContent/Particles/Materials/M_Fire_SubUV.uasset" 89
"../../../../../../Users/zeyul/Documents/GitHub/Unreal-Template/Unreal_Template/Content/StarterContent/Textures/T_Water_N.uasset" 90
"../../../../../../Users/zeyul/Documents/GitHub/Unreal-Template/Unreal_Template/Content/StarterContent/Particles/Materials/M_Heat_Distortion.uasset" 91
"../../../../../../Users/zeyul/Documents/GitHub/Unreal-Template/Unreal_Template/Content/StarterContent/Particles/Materials/M_Radial_Gradient.uasset" 92
"../../../../../../Users/zeyul/Documents/GitHub/Unreal-Template/Unreal_Template/Content/StarterContent/Particles/P_Fire.uasset" 93
"../../../../../../Users/zeyul/Documents/GitHub/Unreal-Template/Unreal_Template/Content/StarterContent/Blueprints/Blueprint_Effect_Fire.uasset" 94
"../../../../../../Users/zeyul/Documents/GitHub/Unreal-Template/Unreal_Template/Content/StarterContent/Audio/Smoke01_Cue.uasset" 95
"../../../../../../Users/zeyul/Documents/GitHub/Unreal-Template/Unreal_Template/Content/StarterContent/Particles/P_Smoke.uasset" 96
"../../../../../../Users/zeyul/Documents/GitHub/Unreal-Template/Unreal_Template/Content/StarterContent/Blueprints/Blueprint_Effect_Smoke.uasset" 97
"../../../../../../Users/zeyul/Documents/GitHub/Unreal-Template/Unreal_Template/Content/StarterContent/Audio/Fire_Sparks01_Cue.uasset" 98
"../../../../../../Users/zeyul/Documents/GitHub/Unreal-Template/Unreal_Template/Content/StarterContent/Textures/T_Spark_Core.uasset" 99
"../../../../../../Users/zeyul/Documents/GitHub/Unreal-Template/Unreal_Template/Content/StarterContent/Particles/Materials/M_Spark.uasset" 100
"../../../../../../Users/zeyul/Documents/GitHub/Unreal-Template/Unreal_Template/Content/StarterContent/Particles/P_Sparks.uasset" 101
"../../../../../../Users/zeyul/Documents/GitHub/Unreal-Template/Unreal_Template/Content/StarterContent/Blueprints/Blueprint_Effect_Sparks.uasset" 102
"../../../../../../Users/zeyul/Documents/GitHub/Unreal-Template/Unreal_Template/Content/StarterContent/Audio/Steam01_Cue.uasset" 103
"../../../../../../Users/zeyul/Documents/GitHub/Unreal-Template/Unreal_Template/Content/StarterContent/Particles/P_Steam_Lit.uasset" 104
"../../../../../../Users/zeyul/Documents/GitHub/Unreal-Template/Unreal_Template/Content/StarterContent/Blueprints/Blueprint_Effect_Steam.uasset" 105
"../../../../../../Users/zeyul/Documents/GitHub/Unreal-Template/Unreal_Template/Content/StarterContent/Props/SM_Lamp_Wall.uasset" 106
"../../../../../../Users/zeyul/Documents/GitHub/Unreal-Template/Unreal_Template/Content/StarterContent/Blueprints/Blueprint_WallSconce.uasset" 107
"../../../Engine/Content/Functions/Engine_MaterialFunctions01/Opacity/CameraDepthFade.uasset" 108
"../../../../../../Users/zeyul/Documents/GitHub/Unreal-Template/Unreal_Template/Content/StarterContent/Textures/T_Concrete_Tiles_D.uasset" 109
"../../../../../../Users/zeyul/Documents/GitHub/Unreal-Template/Unreal_Template/Content/StarterContent/Textures/T_Concrete_Tiles_M.uasset" 110
"../../../../../../Users/zeyul/Documents/GitHub/Unreal-Template/Unreal_Template/Content/StarterContent/Textures/T_Concrete_Tiles_N.uasset" 111
"../../../../../../Users/zeyul/Documents/GitHub/Unreal-Template/Unreal_Template/Content/StarterContent/Textures/T_Concrete_Tiles_Variation_M.uasset" 112
"../../../../../../Users/zeyul/Documents/GitHub/Unreal-Template/Unreal_Template/Content/StarterContent/Textures/T_MacroVariation.uasset" 113
"../../../../../../Users/zeyul/Documents/GitHub/Unreal-Template/Unreal_Template/Content/StarterContent/Materials/M_Concrete_Tiles.uasset" 114
"../../../../../../Users/zeyul/Documents/GitHub/Unreal-Template/Unreal_Template/Content/StarterContent/Textures/T_Ground_Grass_D.uasset" 115
"../../../../../../Users/zeyul/Documents/GitHub/Unreal-Template/Unreal_Template/Content/StarterContent/Textures/T_Ground_Grass_N.uasset" 116
"../../../../../../Users/zeyul/Documents/GitHub/Unreal-Template/Unreal_Template/Content/StarterContent/Textures/T_Perlin_Noise_M.uasset" 117
"../../../../../../Users/zeyul/Documents/GitHub/Unreal-Template/Unreal_Template/Content/StarterContent/Materials/M_Ground_Grass.uasset" 118
"../../../../../../Users/zeyul/Documents/GitHub/Unreal-Template/Unreal_Template/Content/StarterContent/Textures/T_Ground_Gravel_D.uasset" 119
"../../../../../../Users/zeyul/Documents/GitHub/Unreal-Template/Unreal_Template/Content/StarterContent/Textures/T_Ground_Gravel_N.uasset" 120
"../../../../../../Users/zeyul/Documents/GitHub/Unreal-Template/Unreal_Template/Content/StarterContent/Materials/M_Ground_Gravel.uasset" 121
"../../../../../../Users/zeyul/Documents/GitHub/Unreal-Template/Unreal_Template/Content/StarterContent/Textures/T_ground_Moss_D.uasset" 122
"../../../../../../Users/zeyul/Documents/GitHub/Unreal-Template/Unreal_Template/Content/StarterContent/Textures/T_Ground_Moss_N.uasset" 123
"../../../../../../Users/zeyul/Documents/GitHub/Unreal-Template/Unreal_Template/Content/StarterContent/Materials/M_Ground_Moss.uasset" 124
"../../../../../../Users/zeyul/Documents/GitHub/Unreal-Template/Unreal_Template/Content/StarterContent/Materials/M_Metal_Brushed_Nickel.uasset" 125
"../../../../../../Users/zeyul/Documents/GitHub/Unreal-Template/Unreal_Template/Content/StarterContent/Textures/T_Metal_Aluminum_D.uasset" 126
"../../../../../../Users/zeyul/Documents/GitHub/Unreal-Template/Unreal_Template/Content/StarterContent/Textures/T_Metal_Gold_N.uasset" 127
"../../../../../../Users/zeyul/Documents/GitHub/Unreal-Template/Unreal_Template/Content/StarterContent/Materials/M_Metal_Burnished_Steel.uasset" 128
"../../../../../../Users/zeyul/Documents/GitHub/Unreal-Template/Unreal_Template/Content/StarterContent/Textures/T_Rock_Marble_Polished_D.uasset" 129
"../../../../../../Users/zeyul/Documents/GitHub/Unreal-Template/Unreal_Template/Content/StarterContent/Materials/M_Rock_Marble_Polished.uasset" 130
"../../../../../../Users/zeyul/Documents/GitHub/Unreal-Template/Unreal_Template/Content/StarterContent/Textures/T_Rock_Sandstone_D.uasset" 131
"../../../../../../Users/zeyul/Documents/GitHub/Unreal-Template/Unreal_Template/Content/StarterContent/Textures/T_Rock_Sandstone_N.uasset" 132
"../../../../../../Users/zeyul/Documents/GitHub/Unreal-Template/Unreal_Template/Content/StarterContent/Materials/M_Rock_Sandstone.uasset" 133
"../../../Engine/Content/Functions/Engine_MaterialFunctions02/Utility/BlendAngleCorrectedNormals.uasset" 134
"../../../../../../Users/zeyul/Documents/GitHub/Unreal-Template/Unreal_Template/Content/StarterContent/Textures/T_Tech_Hex_Tile_M.uasset" 135
"../../../../../../Users/zeyul/Documents/GitHub/Unreal-Template/Unreal_Template/Content/StarterContent/Textures/T_Tech_Hex_Tile_N.uasset" 136
"../../../../../../Users/zeyul/Documents/GitHub/Unreal-Template/Unreal_Template/Content/StarterContent/Materials/M_Tech_Hex_Tile.uasset" 137
"../../../../../../Users/zeyul/Documents/GitHub/Unreal-Template/Unreal_Template/Content/StarterContent/Materials/M_Water_Lake.uasset" 138
"../../../../../../Users/zeyul/Documents/GitHub/Unreal-Template/Unreal_Template/Content/StarterContent/Textures/T_Water_M.uasset" 139
"../../../../../../Users/zeyul/Documents/GitHub/Unreal-Template/Unreal_Template/Content/StarterContent/Materials/M_Water_Ocean.uasset" 140
"../../../../../../Users/zeyul/Documents/GitHub/Unreal-Template/Unreal_Template/Content/StarterContent/Textures/T_Wood_Floor_Walnut_D.uasset" 141
"../../../../../../Users/zeyul/Documents/GitHub/Unreal-Template/Unreal_Template/Content/StarterContent/Textures/T_Wood_Floor_Walnut_M.uasset" 142
"../../../../../../Users/zeyul/Documents/GitHub/Unreal-Template/Unreal_Template/Content/StarterContent/Textures/T_Wood_Floor_Walnut_N.uasset" 143
"../../../../../../Users/zeyul/Documents/GitHub/Unreal-Template/Unreal_Template/Content/StarterContent/Materials/M_Wood_Floor_Walnut_Polished.uasset" 144
"../../../../../../Users/zeyul/Documents/GitHub/Unreal-Template/Unreal_Template/Content/StarterContent/Textures/T_Wood_Oak_D.uasset" 145
"../../../../../../Users/zeyul/Documents/GitHub/Unreal-Template/Unreal_Template/Content/StarterContent/Textures/T_Wood_Oak_N.uasset" 146
"../../../../../../Users/zeyul/Documents/GitHub/Unreal-Template/Unreal_Template/Content/StarterContent/Materials/M_Wood_Oak.uasset" 147
"../../../../../../Users/zeyul/Documents/GitHub/Unreal-Template/Unreal_Template/Content/StarterContent/Textures/T_Wood_Walnut_D.uasset" 148
"../../../../../../Users/zeyul/Documents/GitHub/Unreal-Template/Unreal_Template/Content/StarterContent/Textures/T_Wood_Walnut_N.uasset" 149
"../../../../../../Users/zeyul/Documents/GitHub/Unreal-Template/Unreal_Template/Content/StarterContent/Materials/M_Wood_Walnut.uasset" 150
"../../../../../../Users/zeyul/Documents/GitHub/Unreal-Template/Unreal_Template/Content/StarterContent/Textures/T_Dust_Particle_D.uasset" 151
"../../../../../../Users/zeyul/Documents/GitHub/Unreal-Template/Unreal_Template/Content/StarterContent/Particles/Materials/M_Dust_Particle.uasset" 152
"../../../../../../Users/zeyul/Documents/GitHub/Unreal-Template/Unreal_Template/Content/StarterContent/Particles/P_Ambient_Dust.uasset" 153
"../../../Engine/Content/EngineMaterials/T_Default_Material_Grid_M.uasset" 154
"../../../Engine/Content/EngineMaterials/T_Default_Material_Grid_N.uasset" 155
"../../../Engine/Content/EngineMaterials/WorldGridMaterial.uasset" 156
"../../../../../../Users/zeyul/Documents/GitHub/Unreal-Template/Unreal_Template/Content/StarterContent/Props/MaterialSphere.uasset" 157
"../../../../../../Users/zeyul/Documents/GitHub/Unreal-Template/Unreal_Template/Content/StarterContent/Textures/T_Bush_D.uasset" 158
"../../../../../../Users/zeyul/Documents/GitHub/Unreal-Template/Unreal_Template/Content/StarterContent/Textures/T_Bush_N.uasset" 159
"../../../../../../Users/zeyul/Documents/GitHub/Unreal-Template/Unreal_Template/Content/StarterContent/Props/Materials/M_Bush.uasset" 160
"../../../../../../Users/zeyul/Documents/GitHub/Unreal-Template/Unreal_Template/Content/StarterContent/Props/SM_Bush.uasset" 161
"../../../../../../Users/zeyul/Documents/GitHub/Unreal-Template/Unreal_Template/Content/StarterContent/Textures/T_Chair_M.uasset" 162
"../../../../../../Users/zeyul/Documents/GitHub/Unreal-Template/Unreal_Template/Content/StarterContent/Textures/T_Chair_N.uasset" 163
"../../../../../../Users/zeyul/Documents/GitHub/Unreal-Template/Unreal_Template/Content/StarterContent/Props/Materials/M_Chair.uasset" 164
"../../../../../../Users/zeyul/Documents/GitHub/Unreal-Template/Unreal_Template/Content/StarterContent/Props/SM_Chair.uasset" 165
"../../../../../../Users/zeyul/Documents/GitHub/Unreal-Template/Unreal_Template/Content/StarterContent/Textures/T_Frame_M.uasset" 166
"../../../../../../Users/zeyul/Documents/GitHub/Unreal-Template/Unreal_Template/Content/StarterContent/Textures/T_Frame_N.uasset" 167
"../../../../../../Users/zeyul/Documents/GitHub/Unreal-Template/Unreal_Template/Content/StarterContent/Props/Materials/M_Frame.uasset" 168
"../../../../../../Users/zeyul/Documents/GitHub/Unreal-Template/Unreal_Template/Content/StarterContent/Props/SM_CornerFrame.uasset" 169
"../../../../../../Users/zeyul/Documents/GitHub/Unreal-Template/Unreal_Template/Content/StarterContent/Props/SM_Couch.uasset" 170
"../../../../../../Users/zeyul/Documents/GitHub/Unreal-Template/Unreal_Template/Content/StarterContent/Materials/M_Glass.uasset" 171
"../../../../../../Users/zeyul/Documents/GitHub/Unreal-Template/Unreal_Template/Content/StarterContent/Textures/T_Door_M.uasset" 172
"../../../../../../Users/zeyul/Documents/GitHub/Unreal-Template/Unreal_Template/Content/StarterContent/Textures/T_Door_N.uasset" 173
"../../../../../../Users/zeyul/Documents/GitHub/Unreal-Template/Unreal_Template/Content/StarterContent/Props/Materials/M_Door.uasset" 174
"../../../../../../Users/zeyul/Documents/GitHub/Unreal-Template/Unreal_Template/Content/StarterContent/Props/SM_Door.uasset" 175
"../../../../../../Users/zeyul/Documents/GitHub/Unreal-Template/Unreal_Template/Content/StarterContent/Props/SM_DoorFrame.uasset" 176
"../../../../../../Users/zeyul/Documents/GitHub/Unreal-Template/Unreal_Template/Content/StarterContent/Props/SM_GlassWindow.uasset" 177
"../../../../../../Users/zeyul/Documents/GitHub/Unreal-Template/Unreal_Template/Content/StarterContent/Props/Materials/M_MaterialSphere.uasset" 178
"../../../../../../Users/zeyul/Documents/GitHub/Unreal-Template/Unreal_Template/Content/StarterContent/Props/Materials/M_MaterialSphere_Plain.uasset" 179
"../../../../../../Users/zeyul/Documents/GitHub/Unreal-Template/Unreal_Template/Content/StarterContent/Props/SM_MatPreviewMesh_02.uasset" 180
"../../../../../../Users/zeyul/Documents/GitHub/Unreal-Template/Unreal_Template/Content/StarterContent/Props/SM_PillarFrame.uasset" 181
"../../../../../../Users/zeyul/Documents/GitHub/Unreal-Template/Unreal_Template/Content/StarterContent/Props/SM_PillarFrame300.uasset" 182
"../../../../../../Users/zeyul/Documents/GitHub/Unreal-Template/Unreal_Template/Content/StarterContent/Textures/T_Detail_Rocky_N.uasset" 183
"../../../../../../Users/zeyul/Documents/GitHub/Unreal-Template/Unreal_Template/Content/StarterContent/Textures/T_Rock_Basalt_D.uasset" 184
"../../../../../../Users/zeyul/Documents/GitHub/Unreal-Template/Unreal_Template/Content/StarterContent/Textures/T_RockMesh_M.uasset" 185
"../../../../../../Users/zeyul/Documents/GitHub/Unreal-Template/Unreal_Template/Content/StarterContent/Textures/T_RockMesh_N.uasset" 186
"../../../../../../Users/zeyul/Documents/GitHub/Unreal-Template/Unreal_Template/Content/StarterContent/Props/Materials/M_Rock.uasset" 187
"../../../../../../Users/zeyul/Documents/GitHub/Unreal-Template/Unreal_Template/Content/StarterContent/Props/SM_Rock.uasset" 188
"../../../../../../Users/zeyul/Documents/GitHub/Unreal-Template/Unreal_Template/Content/StarterContent/Textures/T_Shelf_M.uasset" 189
"../../../../../../Users/zeyul/Documents/GitHub/Unreal-Template/Unreal_Template/Content/StarterContent/Textures/T_Shelf_N.uasset" 190
"../../../../../../Users/zeyul/Documents/GitHub/Unreal-Template/Unreal_Template/Content/StarterContent/Props/Materials/M_Shelf.uasset" 191
"../../../../../../Users/zeyul/Documents/GitHub/Unreal-Template/Unreal_Template/Content/StarterContent/Props/SM_Shelf.uasset" 192
"../../../../../../Users/zeyul/Documents/GitHub/Unreal-Template/Unreal_Template/Content/StarterContent/Props/SM_Stairs.uasset" 193
"../../../../../../Users/zeyul/Documents/GitHub/Unreal-Template/Unreal_Template/Content/StarterContent/Textures/T_Statue_M.uasset" 194
"../../../../../../Users/zeyul/Documents/GitHub/Unreal-Template/Unreal_Template/Content/StarterContent/Textures/T_Statue_N.uasset" 195
"../../../../../../Users/zeyul/Documents/GitHub/Unreal-Template/Unreal_Template/Content/StarterContent/Props/Materials/M_Statue.uasset" 196
"../../../../../../Users/zeyul/Documents/GitHub/Unreal-Template/Unreal_Template/Content/StarterContent/Props/Materials/M_StatueGlass.uasset" 197
"../../../../../../Users/zeyul/Documents/GitHub/Unreal-Template/Unreal_Template/Content/StarterContent/Props/SM_Statue.uasset" 198
"../../../../../../Users/zeyul/Documents/GitHub/Unreal-Template/Unreal_Template/Content/StarterContent/Textures/T_TableRound_M.uasset" 199
"../../../../../../Users/zeyul/Documents/GitHub/Unreal-Template/Unreal_Template/Content/StarterContent/Textures/T_TableRound_N.uasset" 200
"../../../../../../Users/zeyul/Documents/GitHub/Unreal-Template/Unreal_Template/Content/StarterContent/Props/Materials/M_TableRound.uasset" 201
"../../../../../../Users/zeyul/Documents/GitHub/Unreal-Template/Unreal_Template/Content/StarterContent/Props/SM_TableRound.uasset" 202
"../../../../../../Users/zeyul/Documents/GitHub/Unreal-Template/Unreal_Template/Content/StarterContent/Props/SM_WindowFrame.uasset" 203
"../../../../../../Users/zeyul/Documents/GitHub/Unreal-Template/Unreal_Template/Content/StarterContent/Shapes/Shape_Cone.uasset" 204
"../../../../../../Users/zeyul/Documents/GitHub/Unreal-Template/Unreal_Template/Content/StarterContent/Shapes/Shape_Cube.uasset" 205
"../../../../../../Users/zeyul/Documents/GitHub/Unreal-Template/Unreal_Template/Content/StarterContent/Shapes/Shape_Cylinder.uasset" 206
"../../../../../../Users/zeyul/Documents/GitHub/Unreal-Template/Unreal_Template/Content/StarterContent/Shapes/Shape_NarrowCapsule.uasset" 207
"../../../../../../Users/zeyul/Documents/GitHub/Unreal-Template/Unreal_Template/Content/StarterContent/Shapes/Shape_Pipe.uasset" 208
"../../../../../../Users/zeyul/Documents/GitHub/Unreal-Template/Unreal_Template/Content/StarterContent/Shapes/Shape_Pipe_180.uasset" 209
"../../../../../../Users/zeyul/Documents/GitHub/Unreal-Template/Unreal_Template/Content/StarterContent/Shapes/Shape_Pipe_90.uasset" 210
"../../../../../../Users/zeyul/Documents/GitHub/Unreal-Template/Unreal_Template/Content/StarterContent/Shapes/Shape_Plane.uasset" 211
"../../../../../../Users/zeyul/Documents/GitHub/Unreal-Template/Unreal_Template/Content/StarterContent/Shapes/Shape_QuadPyramid.uasset" 212
"../../../../../../Users/zeyul/Documents/GitHub/Unreal-Template/Unreal_Template/Content/StarterContent/Shapes/Shape_Sphere.uasset" 213
"../../../../../../Users/zeyul/Documents/GitHub/Unreal-Template/Unreal_Template/Content/StarterContent/Shapes/Shape_Torus.uasset" 214
"../../../../../../Users/zeyul/Documents/GitHub/Unreal-Template/Unreal_Template/Content/StarterContent/Shapes/Shape_Trim.uasset" 215
"../../../../../../Users/zeyul/Documents/GitHub/Unreal-Template/Unreal_Template/Content/StarterContent/Shapes/Shape_Trim_90_In.uasset" 216
"../../../../../../Users/zeyul/Documents/GitHub/Unreal-Template/Unreal_Template/Content/StarterContent/Shapes/Shape_Trim_90_Out.uasset" 217
"../../../../../../Users/zeyul/Documents/GitHub/Unreal-Template/Unreal_Template/Content/StarterContent/Shapes/Shape_TriPyramid.uasset" 218
"../../../../../../Users/zeyul/Documents/GitHub/Unreal-Template/Unreal_Template/Content/StarterContent/Shapes/Shape_Tube.uasset" 219
"../../../../../../Users/zeyul/Documents/GitHub/Unreal-Template/Unreal_Template/Content/StarterContent/Shapes/Shape_Wedge_A.uasset" 220
"../../../../../../Users/zeyul/Documents/GitHub/Unreal-Template/Unreal_Template/Content/StarterContent/Shapes/Shape_Wedge_B.uasset" 221
"../../../../../../Users/zeyul/Documents/GitHub/Unreal-Template/Unreal_Template/Content/StarterContent/Shapes/Shape_WideCapsule.uasset" 222
"../../../../../../Users/zeyul/Documents/GitHub/Unreal-Template/Unreal_Template/Content/StarterContent/Textures/T_Brick_Hewn_Stone_D.uasset" 223
"../../../../../../Users/zeyul/Documents/GitHub/Unreal-Template/Unreal_Template/Content/StarterContent/Textures/T_Brick_Hewn_Stone_M.uasset" 224
"../../../../../../Users/zeyul/Documents/GitHub/Unreal-Template/Unreal_Template/Content/StarterContent/Textures/T_Brick_Hewn_Stone_N.uasset" 225
"../../../../../../Users/zeyul/Documents/GitHub/Unreal-Template/Unreal_Template/Content/StarterContent/Textures/T_Ceramic_Tile_M.uasset" 226
"../../../../../../Users/zeyul/Documents/GitHub/Unreal-Template/Unreal_Template/Content/StarterContent/Textures/T_Ceramic_Tile_N.uasset" 227
"../../../../../../Users/zeyul/Documents/GitHub/Unreal-Template/Unreal_Template/Content/StarterContent/Textures/T_Checker_Noise_M.uasset" 228
"../../../../../../Users/zeyul/Documents/GitHub/Unreal-Template/Unreal_Template/Content/StarterContent/Textures/T_CobbleStone_Rough_D.uasset" 229
"../../../../../../Users/zeyul/Documents/GitHub/Unreal-Template/Unreal_Template/Content/StarterContent/Textures/T_CobbleStone_Rough_N.uasset" 230
"../../../../../../Users/zeyul/Documents/GitHub/Unreal-Template/Unreal_Template/Content/StarterContent/Textures/T_Gradinet_01.uasset" 231
"../../../../../../Users/zeyul/Documents/GitHub/Unreal-Template/Unreal_Template/Content/StarterContent/Textures/T_Metal_Gold_D.uasset" 232
"../../../../../../Users/zeyul/Documents/GitHub/Unreal-Template/Unreal_Template/Content/StarterContent/Textures/T_Rock_Slate_D.uasset" 233
"../../../../../../Users/zeyul/Documents/GitHub/Unreal-Template/Unreal_Template/Content/StarterContent/Textures/T_Rock_Slate_N.uasset" 234
"../../../../../../Users/zeyul/Documents/GitHub/Unreal-Template/Unreal_Template/Content/StarterContent/Textures/T_Single_Tile_N.uasset" 235
"../../../../../../Users/zeyul/Documents/GitHub/Unreal-Template/Unreal_Template/Content/StarterContent/Textures/T_Tech_Panel_M.uasset" 236
"../../../../../../Users/zeyul/Documents/GitHub/Unreal-Template/Unreal_Template/Content/StarterContent/Textures/T_Tech_Panel_N.uasset" 237
"../../../../../../Users/zeyul/Documents/GitHub/Unreal-Template/Unreal_Template/Content/WaterPlane/Ocean/Materials/FakedCaustics.uasset" 238
"../../../../../../Users/zeyul/Documents/GitHub/Unreal-Template/Unreal_Template/Content/WaterPlane/Ocean/Textures/T_MicroWaves_N.uasset" 239
"../../../../../../Users/zeyul/Documents/GitHub/Unreal-Template/Unreal_Template/Content/WaterPlane/Ocean/Textures/T_OceanFoam_01.uasset" 240
"../../../Engine/Content/Animation/DefaultAnimCurveCompressionSettings.uasset" 241
"../../../Engine/Content/ArtTools/RenderToTexture/Meshes/S_1_Unit_Plane.uasset" 242
"../../../Engine/Content/EngineMaterials/DefaultMaterial.uasset" 243
"../../../Engine/Content/BasicShapes/Cone.uasset" 244
"../../../Engine/Content/BasicShapes/Cylinder.uasset" 245
"../../../Engine/Content/BasicShapes/Plane.uasset" 246
"../../../Engine/Content/BasicShapes/Sphere.uasset" 247
"../../../Engine/Content/EditorLandscapeResources/DataLayer.uasset" 248
"../../../Engine/Content/EditorMaterials/MAT_Groups_Toggle.uasset" 249
"../../../Engine/Content/EditorMaterials/MAT_Groups_Visibility.uasset" 250
"../../../Engine/Content/EditorMaterials/PreviewShadowIndicator.uasset" 251
"../../../Engine/Content/EditorMaterials/PreviewShadowIndicatorMaterial.uasset" 252
"../../../Engine/Content/EditorMaterials/MatineeGroups/MAT_ColorTrack.uasset" 253
"../../../Engine/Content/EditorMaterials/MatineeGroups/MAT_Groups_Anim.uasset" 254
"../../../Engine/Content/EditorMaterials/MatineeGroups/MAT_Groups_AudioMaster.uasset" 255
"../../../Engine/Content/EditorMaterials/MatineeGroups/MAT_Groups_Director.uasset" 256
"../../../Engine/Content/EditorMaterials/MatineeGroups/MAT_Groups_Event.uasset" 257
"../../../Engine/Content/EditorMaterials/MatineeGroups/MAT_Groups_Fade.uasset" 258
"../../../Engine/Content/EditorMaterials/MatineeGroups/MAT_Groups_Float.uasset" 259
"../../../Engine/Content/EditorMaterials/MatineeGroups/MAT_Groups_Move.uasset" 260
"../../../Engine/Content/EditorMaterials/MatineeGroups/MAT_Groups_Slomo.uasset" 261
"../../../Engine/Content/EditorMaterials/MatineeGroups/MAT_Groups_Sound.uasset" 262
"../../../Engine/Content/EditorMaterials/MatineeGroups/MAT_Groups_Vector.uasset" 263
"../../../Engine/Content/EditorMaterials/ParticleSystems/PSysThumbnail_NoImage.uasset" 264
"../../../Engine/Content/EditorMaterials/ParticleSystems/PSysThumbnail_OOD.uasset" 265
"../../../Engine/Content/EditorMaterials/Camera/CineMat.uasset" 266
"../../../Engine/Content/EditorMaterials/Camera/MI_CineMat_Rig.uasset" 267
"../../../Engine/Content/EditorMeshes/Camera/SM_CraneRig_Arm.uasset" 268
"../../../Engine/Content/EditorMeshes/Camera/SM_CraneRig_Base.uasset" 269
"../../../Engine/Content/EditorMeshes/Camera/SM_CraneRig_Body.uasset" 270
"../../../Engine/Content/EditorMeshes/Camera/SM_CraneRig_Mount.uasset" 271
"../../../Engine/Content/EditorMeshes/Camera/SM_RailRig_Mount.uasset" 272
"../../../Engine/Content/EditorMeshes/Camera/SM_RailRig_Track.uasset" 273
"../../../Engine/Content/EditorResources/BSPVertex.uasset" 274
"../../../Engine/Content/EditorResources/EmptyActor.uasset" 275
"../../../Engine/Content/EditorResources/S_Actor.uasset" 276
"../../../Engine/Content/EditorResources/S_Note.uasset" 277
"../../../Engine/Content/EditorResources/S_Solver.uasset" 278
"../../../Engine/Content/EditorResources/S_Trigger.uasset" 279
"../../../Engine/Content/EditorResources/AudioIcons/S_AudioComponent_AutoActivate.uasset" 280
"../../../Engine/Content/EditorResources/LightIcons/S_LightError.uasset" 281
"../../../Engine/Content/EditorResources/SequenceRecorder/Countdown.uasset" 282
"../../../Engine/Content/EditorResources/SequenceRecorder/RecordingIndicator.uasset" 283
"../../../Engine/Content/EditorSounds/Notifications/CompileFailed.uasset" 284
"../../../Engine/Content/EditorSounds/Notifications/CompileFailed_Cue.uasset" 285
"../../../Engine/Content/EditorSounds/Notifications/CompileSuccess.uasset" 286
"../../../Engine/Content/EditorSounds/Notifications/CompileStart_Cue.uasset" 287
"../../../Engine/Content/EditorSounds/Notifications/CompileSuccess_Cue.uasset" 288
"../../../Engine/Content/EngineDamageTypes/DmgTypeBP_Environmental.uasset" 289
"../../../Engine/Content/EngineDebugMaterials/DebugEditorMaterial.uasset" 290
"../../../Engine/Content/EngineDebugMaterials/DebugMeshMaterial.uasset" 291
"../../../Engine/Content/EngineDebugMaterials/M_SimpleUnlitTranslucent.uasset" 292
"../../../Engine/Content/Functions/Engine_MaterialFunctions02/Utility/CameraDirectionVector.uasset" 293
"../../../Engine/Content/EngineDebugMaterials/VolumeToRender.uasset" 294
"../../../Engine/Content/EngineDebugMaterials/M_VolumeRenderSphereTracePP.uasset" 295
"../../../Engine/Content/EngineDebugMaterials/WireframeMaterial.uasset" 296
"../../../Engine/Content/EngineFonts/Faces/DroidSansFallback.uasset" 297
"../../../Engine/Content/EngineFonts/Faces/RobotoBold.uasset" 298
"../../../Engine/Content/EngineFonts/Faces/RobotoBoldItalic.uasset" 299
"../../../Engine/Content/EngineFonts/Faces/RobotoItalic.uasset" 300
"../../../Engine/Content/EngineFonts/Faces/RobotoLight.uasset" 301
"../../../Engine/Content/EngineFonts/Faces/RobotoRegular.uasset" 302
"../../../Engine/Content/EngineFonts/Roboto.uasset" 303
"../../../Engine/Content/EngineMaterials/BaseFlattenDiffuseMap.uasset" 304
"../../../Engine/Content/EngineMaterials/BaseFlattenEmissiveMap.uasset" 305
"../../../Engine/Content/EngineMaterials/BaseFlattenGrayscaleMap.uasset" 306
"../../../Engine/Content/EngineMaterials/BaseFlattenNormalMap.uasset" 307
"../../../Engine/Content/EngineMaterials/BaseFlattenMaterial.uasset" 308
"../../../Engine/Content/EngineMaterials/BlueNoise.uasset" 309
"../../../Engine/Content/EngineMaterials/DefaultBloomKernel.uasset" 310
"../../../Engine/Content/EngineMaterials/DefaultBokeh.uasset" 311
"../../../Engine/Content/EngineMaterials/DefaultDiffuse.uasset" 312
"../../../Engine/Content/EngineMaterials/DefaultDeferredDecalMaterial.uasset" 313
"../../../Engine/Content/EngineMaterials/DefaultLightFunctionMaterial.uasset" 314
"../../../Engine/Content/Functions/Engine_MaterialFunctions02/Utility/BreakOutFloat2Components.uasset" 315
"../../../Engine/Content/EngineMaterials/DefaultPostProcessMaterial.uasset" 316
"../../../Engine/Content/EngineFonts/RobotoDistanceField.uasset" 317
"../../../Engine/Content/EngineMaterials/DefaultTextMaterialOpaque.uasset" 318
"../../../Engine/Content/EngineMaterials/DefaultWhiteGrid.uasset" 319
"../../../Engine/Content/EngineMaterials/DefaultWhiteGrid_Low.uasset" 320
"../../../Engine/Content/EngineMaterials/EmissiveMeshMaterial.uasset" 321
"../../../Engine/Content/EngineMaterials/GizmoMaterial.uasset" 322
"../../../Engine/Content/EngineMaterials/Good64x64TilingNoiseHighFreq.uasset" 323
"../../../Engine/Content/EngineMaterials/MiniFont.uasset" 324
"../../../Engine/Content/EngineMaterials/InvalidLightmapSettings.uasset" 325
"../../../Engine/Content/EngineMaterials/M_InvalidLightmapSettings.uasset" 326
"../../../Engine/Content/Functions/Engine_MaterialFunctions02/WorldPositionOffset/CameraOffset.uasset" 327
"../../../Engine/Content/EngineMaterials/PhAT_JointLimitMaterial.uasset" 328
"../../../Engine/Content/EngineMaterials/PreintegratedSkinBRDF.uasset" 329
"../../../Engine/Content/EngineMaterials/RemoveSurfaceMaterial.uasset" 330
"../../../Engine/Content/EngineResources/WhiteSquareTexture.uasset" 331
"../../../Engine/Content/EngineMaterials/Widget3DPassThrough.uasset" 332
"../../../Engine/Content/EngineMaterials/Widget3DPassThrough_Masked.uasset" 333
"../../../Engine/Content/EngineMaterials/Widget3DPassThrough_Opaque.uasset" 334
"../../../Engine/Content/EngineMaterials/Widget3DPassThrough_Masked_OneSided.uasset" 335
"../../../Engine/Content/EngineMaterials/Widget3DPassThrough_Opaque_OneSided.uasset" 336
"../../../Engine/Content/EngineMaterials/Widget3DPassThrough_Translucent.uasset" 337
"../../../Engine/Content/EngineMaterials/Widget3DPassThrough_Translucent_OneSided.uasset" 338
"../../../Engine/Content/EngineMeshes/Cube.uasset" 339
"../../../Engine/Content/EngineMeshes/Cylinder.uasset" 340
"../../../Engine/Content/EngineMeshes/Sphere.uasset" 341
"../../../Engine/Content/EngineResources/Black.uasset" 342
"../../../Engine/Content/EngineResources/DefaultTextureCube.uasset" 343
"../../../Engine/Content/EngineResources/DefaultVolumeTexture2D.uasset" 344
"../../../Engine/Content/EngineResources/DefaultVolumeTexture.uasset" 345
"../../../Engine/Content/EngineResources/GradientTexture0.uasset" 346
"../../../Engine/Content/EngineSounds/Master.uasset" 347
"../../../Engine/Content/Functions/Engine_MaterialFunctions01/Shading/ConvertFromDiffSpec.uasset" 348
"../../../Engine/Content/Functions/Engine_MaterialFunctions01/Shading/PowerToRoughness.uasset" 349
"../../../Engine/Content/Maps/Templates/Thumbnails/Default.uasset" 350
"../../../Engine/Content/Maps/Templates/Thumbnails/TimeOfDay.uasset" 351
"../../../Engine/Content/Maps/Templates/Thumbnails/VR-Basic.uasset" 352
"../../../Engine/Content/MobileResources/T_MobileControls_texture.uasset" 353
"../../../Engine/Content/MobileResources/T_MobileMenu2.uasset" 354
"../../../Engine/Content/MobileResources/HUD/AnalogHat.uasset" 355
"../../../Engine/Content/MobileResources/HUD/VirtualJoystick_Background.uasset" 356
"../../../Engine/Content/MobileResources/HUD/VirtualJoystick_Thumb.uasset" 357
"../../../Engine/Content/MobileResources/HUD/DefaultVirtualJoysticks.uasset" 358
"../../../Engine/Content/MobileResources/HUD/LeftVirtualJoystickOnly.uasset" 359
"../../../Engine/Content/MobileResources/HUD/MobileHUDButton1_off.uasset" 360
"../../../Engine/Content/MobileResources/HUD/MobileHUDButton1_on.uasset" 361
"../../../Engine/Content/MobileResources/HUD/MobileHUDButton2_off.uasset" 362
"../../../Engine/Content/MobileResources/HUD/MobileHUDButton2_on.uasset" 363
"../../../Engine/Content/MobileResources/HUD/MobileHUDButton3.uasset" 364
"../../../Engine/Content/MobileResources/HUD/MobileHUDButtonFire.uasset" 365
"../../../Engine/Content/MobileResources/HUD/MobileHUDDirectionPad.uasset" 366
"../../../Engine/Content/MobileResources/HUD/MobileHUDDirectionPad2.uasset" 367
"../../../Engine/Content/MobileResources/HUD/MobileHUDDirectionPad3.uasset" 368
"../../../Engine/Content/MobileResources/HUD/MobileHUDDirectionStick.uasset" 369
"../../../Engine/Content/MobileResources/HUD/T_Castle_ThumbstickInner.uasset" 370
"../../../Engine/Content/MobileResources/HUD/T_Castle_ThumbstickOutter.uasset" 371
"../../../Engine/Content/Tutorial/ContentIntroCurve.uasset" 372
"../../../Engine/Content/Tutorial/Basics/LevelEditorAttract.uasset" 373
"../../../Engine/Content/Tutorial/Basics/TutorialAssets/icon_tab_Levels_40x.uasset" 374
"../../../Engine/Content/Tutorial/Basics/LevelEditorOverview.uasset" 375
"../../../Engine/Content/Tutorial/BlueprintTutorials/TutorialAssets/Blueprint_64x.uasset" 376
"../../../Engine/Content/Tutorial/BlueprintTutorials/BlueprintEditorTutorial.uasset" 377
"../../../Engine/Content/Tutorial/BlueprintTutorials/LevelBlueprintEditorOverview.uasset" 378
"../../../Engine/Content/Tutorial/Code/AddingCode.uasset" 379
"../../../Engine/Content/Tutorial/Foliage/TutorialAssets/Foliage.uasset" 380
"../../../Engine/Content/Tutorial/Foliage/Foliage_Intro_Tutorial.uasset" 381
"../../../Engine/Content/Tutorial/Foliage/Foliage_Settings_Tutorial.uasset" 382
"../../../Engine/Content/Tutorial/Foliage/Foliage_Using_The_Tool_Tutorial.uasset" 383
"../../../Engine/Content/Tutorial/InWorldBlueprintEditing/IWBE_Tutorial.uasset" 384
"../../../Engine/Content/Tutorial/InWorldBlueprintEditing/IWBE_Tutorial_Part2.uasset" 385
"../../../Engine/Content/Tutorial/InWorldBlueprintEditing/IWBE_Tutorial_Part3.uasset" 386
"../../../Engine/Content/Tutorial/Landscape/TutorialAssets/Landscape.uasset" 387
"../../../Engine/Content/Tutorial/Landscape/LandscapeWalkThrough.uasset" 388
"../../../Engine/Content/Tutorial/Landscape/Landscape_Manage_Mode.uasset" 389
"../../../Engine/Content/Tutorial/Landscape/Landscape_Painting_Mode.uasset" 390
"../../../Engine/Content/Tutorial/Landscape/Landscape_Sculpt_Mode.uasset" 391
"../../../Engine/Content/Tutorial/SubEditors/MaterialEditorTutorial.uasset" 392
"../../../Engine/Content/Tutorial/SubEditors/StaticMeshEditorTutorial.uasset" 393
"../../../Engine/Content/Tutorial/SubEditors/TutorialAssets/TutorialMaterial.uasset" 394
"../../../Engine/Content/VREditor/LaserPointer/VR_LaserPower_01.uasset" 395
"../../../Engine/Content/VREditor/TransformGizmo/TransformGizmoMaterial.uasset" 396
"../../../Engine/Content/VREditor/TransformGizmo/TranslucentTransformGizmoMaterial.uasset" 397
"../../../Engine/Content/VREditor/TransformGizmo/BoundingBoxCorner.uasset" 398
"../../../Engine/Content/VREditor/TransformGizmo/BoundingBoxEdge.uasset" 399
"../../../Engine/Content/VREditor/TransformGizmo/PlaneTranslationHandle.uasset" 400
"../../../Engine/Content/VREditor/TransformGizmo/Main.uasset" 401
"../../../Engine/Content/VREditor/TransformGizmo/Xray.uasset" 402
"../../../Engine/Content/VREditor/TransformGizmo/SM_Sequencer_Key.uasset" 403
"../../../Engine/Content/VREditor/TransformGizmo/SM_Sequencer_Node.uasset" 404
"../../Plugins/2D/Paper2D/Content/PlaceholderTextures/DummySpriteTexture.uasset" 405
"../../Plugins/2D/Paper2D/Content/DummySprite.uasset" 406
"../../Plugins/2D/Paper2D/Content/DefaultPaperTerrainMaterial.uasset" 407
"../../Plugins/2D/Paper2D/Content/DefaultSpriteMaterial.uasset" 408
"../../Plugins/2D/Paper2D/Content/MaskedUnlitSpriteMaterial.uasset" 409
"../../Plugins/2D/Paper2D/Content/OpaqueUnlitSpriteMaterial.uasset" 410
"../../Plugins/FX/Niagara/Content/Enums/ENiagaraBooleanLogicOps.uasset" 411
"../../Plugins/FX/Niagara/Content/Enums/ENiagaraCoordinateSpace.uasset" 412
"../../Plugins/FX/Niagara/Content/Enums/ENiagaraExpansionMode.uasset" 413
"../../Plugins/FX/Niagara/Content/Enums/ENiagaraOrientationAxis.uasset" 414
"../../Plugins/FX/Niagara/Content/Enums/ENiagaraRandomnessMode.uasset" 415
"../../../Engine/Content/Functions/Engine_MaterialFunctions02/Utility/BreakOutFloat4Components.uasset" 416
"../../../Engine/Content/Functions/Engine_MaterialFunctions02/Utility/MakeFloat2.uasset" 417
"../../../Engine/Content/Functions/Engine_MaterialFunctions02/Utility/MakeFloat3.uasset" 418
"../../Plugins/Runtime/Oculus/OculusVR/Content/Materials/OculusMR_ChromaKey.uasset" 419
"../../Plugins/Runtime/Oculus/OculusVR/Content/Materials/OculusMR_ChromaKey_Lit.uasset" 420
"../../Plugins/Runtime/Oculus/OculusVR/Content/Materials/OculusMR_OpaqueColoredMaterial.uasset" 421
"../../Plugins/Runtime/Oculus/OculusVR/Content/Materials/OculusMR_WhiteMaterial.uasset" 422
"../../../../../../Users/zeyul/Documents/GitHub/Unreal-Template/Unreal_Template/Content/FirstPerson/Animations/FirstPerson_Fire.uasset" 423
"../../../../../../Users/zeyul/Documents/GitHub/Unreal-Template/Unreal_Template/Content/FirstPerson/Animations/FirstPersonFire_Montage.uasset" 424
"../../../../../../Users/zeyul/Documents/GitHub/Unreal-Template/Unreal_Template/Content/FirstPerson/Textures/FirstPersonCrosshair.uasset" 425
"../../../../../../Users/zeyul/Documents/GitHub/Unreal-Template/Unreal_Template/Content/FirstPersonBP/Blueprints/FirstPersonHUD.uasset" 426
"../../../../../../Users/zeyul/Documents/GitHub/Unreal-Template/Unreal_Template/Content/FirstPersonBP/Blueprints/FirstPersonGameMode.uasset" 427
"../../../../../../Users/zeyul/Documents/GitHub/Unreal-Template/Unreal_Template/Content/FirstPerson/Meshes/FirstPersonProjectileMaterial.uasset" 428
"../../../../../../Users/zeyul/Documents/GitHub/Unreal-Template/Unreal_Template/Content/FirstPerson/Meshes/FirstPersonProjectileMesh.uasset" 429
"../../../../../../Users/zeyul/Documents/GitHub/Unreal-Template/Unreal_Template/Content/FirstPersonBP/Blueprints/FirstPersonProjectile.uasset" 430
"../../../../../../Users/zeyul/Documents/GitHub/Unreal-Template/Unreal_Template/Content/FirstPerson/Audio/FirstPersonTemplateWeaponFire02.uasset" 431
"../../../Engine/Content/Functions/MaterialLayerFunctions/MatLayerBlend_NormalBlend.uasset" 432
"../../../Engine/Content/Functions/MaterialLayerFunctions/MatLayerBlend_Simple.uasset" 433
"../../../../../../Users/zeyul/Documents/GitHub/Unreal-Template/Unreal_Template/Content/FirstPerson/Character/Materials/MaterialLayers/T_ML_Rubber_Blue_01_D.uasset" 434
"../../../../../../Users/zeyul/Documents/GitHub/Unreal-Template/Unreal_Template/Content/FirstPerson/Character/Materials/MaterialLayers/T_ML_Rubber_Blue_01_N.uasset" 435
"../../../../../../Users/zeyul/Documents/GitHub/Unreal-Template/Unreal_Template/Content/FirstPerson/Character/Materials/MaterialLayers/ML_GlossyBlack_Latex_UE4.uasset" 436
"../../../../../../Users/zeyul/Documents/GitHub/Unreal-Template/Unreal_Template/Content/FirstPerson/Character/Materials/MaterialLayers/ML_Plastic_Shiny_Beige.uasset" 437
"../../../../../../Users/zeyul/Documents/GitHub/Unreal-Template/Unreal_Template/Content/FirstPerson/Character/Materials/MaterialLayers/ML_Plastic_Shiny_Beige_LOGO.uasset" 438
"../../../../../../Users/zeyul/Documents/GitHub/Unreal-Template/Unreal_Template/Content/FirstPerson/Character/Materials/MaterialLayers/T_ML_Aluminum01.uasset" 439
"../../../../../../Users/zeyul/Documents/GitHub/Unreal-Template/Unreal_Template/Content/FirstPerson/Character/Materials/MaterialLayers/T_ML_Aluminum01_N.uasset" 440
"../../../../../../Users/zeyul/Documents/GitHub/Unreal-Template/Unreal_Template/Content/FirstPerson/Character/Materials/MaterialLayers/ML_SoftMetal_UE4.uasset" 441
"../../../../../../Users/zeyul/Documents/GitHub/Unreal-Template/Unreal_Template/Content/FirstPerson/Character/Textures/UE4_Mannequin__normals.uasset" 442
"../../../../../../Users/zeyul/Documents/GitHub/Unreal-Template/Unreal_Template/Content/FirstPerson/Character/Textures/UE4_Mannequin_MAT_MASKA.uasset" 443
"../../../../../../Users/zeyul/Documents/GitHub/Unreal-Template/Unreal_Template/Content/FirstPerson/Character/Materials/M_UE4Man_Body.uasset" 444
"../../../../../../Users/zeyul/Documents/GitHub/Unreal-Template/Unreal_Template/Content/FirstPerson/Character/Mesh/SK_Mannequin_Arms_PhysicsAsset.uasset" 445
"../../../../../../Users/zeyul/Documents/GitHub/Unreal-Template/Unreal_Template/Content/FirstPerson/Character/Mesh/SK_Mannequin_Arms.uasset" 446
"../../../../../../Users/zeyul/Documents/GitHub/Unreal-Template/Unreal_Template/Content/FirstPerson/FPWeapon/Materials/MaterialLayers/T_ML_Rubber_Blue_01_D.uasset" 447
"../../../../../../Users/zeyul/Documents/GitHub/Unreal-Template/Unreal_Template/Content/FirstPerson/FPWeapon/Materials/MaterialLayers/T_ML_Rubber_Blue_01_N.uasset" 448
"../../../../../../Users/zeyul/Documents/GitHub/Unreal-Template/Unreal_Template/Content/FirstPerson/FPWeapon/Materials/MaterialLayers/ML_GlossyBlack_Latex_UE4.uasset" 449
"../../../../../../Users/zeyul/Documents/GitHub/Unreal-Template/Unreal_Template/Content/FirstPerson/FPWeapon/Materials/MaterialLayers/ML_Plastic_Shiny_Beige.uasset" 450
"../../../../../../Users/zeyul/Documents/GitHub/Unreal-Template/Unreal_Template/Content/FirstPerson/FPWeapon/Materials/MaterialLayers/ML_Screen.uasset" 451
"../../../../../../Users/zeyul/Documents/GitHub/Unreal-Template/Unreal_Template/Content/FirstPerson/FPWeapon/Materials/MaterialLayers/T_ML_Aluminum01.uasset" 452
"../../../../../../Users/zeyul/Documents/GitHub/Unreal-Template/Unreal_Template/Content/FirstPerson/FPWeapon/Materials/MaterialLayers/T_ML_Aluminum01_N.uasset" 453
"../../../../../../Users/zeyul/Documents/GitHub/Unreal-Template/Unreal_Template/Content/FirstPerson/FPWeapon/Materials/MaterialLayers/ML_SoftMetal_UE4.uasset" 454
"../../../../../../Users/zeyul/Documents/GitHub/Unreal-Template/Unreal_Template/Content/FirstPerson/FPWeapon/Textures/T_FPGun_M.uasset" 455
"../../../../../../Users/zeyul/Documents/GitHub/Unreal-Template/Unreal_Template/Content/FirstPerson/FPWeapon/Textures/T_FPGun_N.uasset" 456
"../../../../../../Users/zeyul/Documents/GitHub/Unreal-Template/Unreal_Template/Content/FirstPerson/FPWeapon/Materials/M_FPGun.uasset" 457
"../../../../../../Users/zeyul/Documents/GitHub/Unreal-Template/Unreal_Template/Content/FirstPerson/FPWeapon/Mesh/SK_FPGun_Skeleton.uasset" 458
"../../../../../../Users/zeyul/Documents/GitHub/Unreal-Template/Unreal_Template/Content/FirstPerson/FPWeapon/Mesh/SK_FPGun.uasset" 459
"../../../../../../Users/zeyul/Documents/GitHub/Unreal-Template/Unreal_Template/Content/UI/pause.uasset" 460
"../../../../../../Users/zeyul/Documents/GitHub/Unreal-Template/Unreal_Template/Content/FirstPersonBP/Blueprints/FirstPersonCharacter.uasset" 461
"../../../Engine/Content/EngineSky/C_Sky_Cloud_Color.uasset" 462
"../../../Engine/Content/EngineSky/C_Sky_Horizon_Color.uasset" 463
"../../../Engine/Content/EngineSky/C_Sky_Zenith_Color.uasset" 464
"../../../Engine/Content/EngineSky/T_Sky_Blue.uasset" 465
"../../../Engine/Content/EngineSky/T_Sky_Clouds_M.uasset" 466
"../../../Engine/Content/EngineSky/T_Sky_Stars.uasset" 467
"../../../Engine/Content/EngineSky/M_Sky_Panning_Clouds2.uasset" 468
"../../../Engine/Content/EngineSky/SM_SkySphere.uasset" 469
"../../../Engine/Content/EngineSky/BP_Sky_Sphere.uasset" 470
"../../../Engine/Content/Functions/Engine_MaterialFunctions03/ComplexMotion/Motion_4WayChaos.uasset" 471
"../../../Engine/Content/Engine_MI_Shaders/T_Base_Tile_Normal.uasset" 472
"../../../Engine/Content/Functions/Engine_MaterialFunctions03/ComplexMotion/Motion_4WayChaos_Normal.uasset" 473
"../../../Engine/Content/MapTemplates/Sky/DaylightAmbientCubemap.uasset" 474
"../../../../../../Users/zeyul/Documents/GitHub/Unreal-Template/Unreal_Template/Content/WaterPlane/Lake/Textures/T_SmallWaves_N.uasset" 475
"../../../../../../Users/zeyul/Documents/GitHub/Unreal-Template/Unreal_Template/Content/WaterPlane/Ocean/Materials/OceanWater_SS.uasset" 476
"../../../../../../Users/zeyul/Documents/GitHub/Unreal-Template/Unreal_Template/Content/WaterPlane/Ocean/Textures/T_LargeWaves_H.uasset" 477
"../../../../../../Users/zeyul/Documents/GitHub/Unreal-Template/Unreal_Template/Content/WaterPlane/Ocean/Textures/T_LargeWaves_N.uasset" 478
"../../../../../../Users/zeyul/Documents/GitHub/Unreal-Template/Unreal_Template/Content/WaterPlane/Ocean/Textures/T_Seafoam_01.uasset" 479
"../../../../../../Users/zeyul/Documents/GitHub/Unreal-Template/Unreal_Template/Content/WaterPlane/Ocean/Materials/M_OceanWater_1.uasset" 480
"../../../Engine/Content/MapTemplates/Sky/Desert_Outer_HDR.uasset" 481
"../../../../../../Users/zeyul/Documents/GitHub/Unreal-Template/Unreal_Template/Content/WaterPlane/Ocean/Materials/M_OceanWater_1_Inst.uasset" 482
"../../../../../../Users/zeyul/Documents/GitHub/Unreal-Template/Unreal_Template/Content/WaterPlane/Meshes/SM_OceanWater.uasset" 483
"../../../../../../Users/zeyul/Documents/GitHub/Unreal-Template/Unreal_Template/Content/WaterPlane/Ocean/Blueprint/BP_OceanWater.uasset" 484
"../../../Engine/Content/EngineMaterials/DefaultPhysicalMaterial.uasset" 485
"../../../../../../Users/zeyul/Documents/GitHub/Unreal-Template/Unreal_Template/Content/Models/rock.uasset" 486
"../../../../../../Users/zeyul/Documents/GitHub/Unreal-Template/Unreal_Template/Content/Foliage/rock_FoliageType.uasset" 487
"../../../../../../Users/zeyul/Documents/GitHub/Unreal-Template/Unreal_Template/Content/Maps/Main_sharedassets/Grass_LayerInfo.uasset" 488
"../../../../../../Users/zeyul/Documents/GitHub/Unreal-Template/Unreal_Template/Content/Maps/Main_sharedassets/Moss_LayerInfo.uasset" 489
"../../../../../../Users/zeyul/Documents/GitHub/Unreal-Template/Unreal_Template/Content/Maps/Main_sharedassets/Rock_LayerInfo.uasset" 490
"../../../../../../Users/zeyul/Documents/GitHub/Unreal-Template/Unreal_Template/Content/Maps/Main_sharedassets/Wet_LayerInfo.uasset" 491
"../../../../../../Users/zeyul/Documents/GitHub/Unreal-Template/Unreal_Template/Content/Maps/Main_BuiltData.uasset" 492
"../../../Engine/Content/BasicShapes/BasicShapeMaterial.uasset" 493
"../../../../../../Users/zeyul/Documents/GitHub/Unreal-Template/Unreal_Template/Content/StarterContent/Materials/PureWhite.uasset" 494
"../../../Engine/Content/EngineMaterials/WeightMapPlaceholderTexture.uasset" 495
"../../../../../../Users/zeyul/Documents/GitHub/Unreal-Template/Unreal_Template/Content/StarterContent/Textures/T_Rock_Basalt_N.uasset" 496
"../../../../../../Users/zeyul/Documents/GitHub/Unreal-Template/Unreal_Template/Content/StarterContent/Materials/Terrain.uasset" 497
"../../../Engine/Content/BasicShapes/Cube.uasset" 498
"../../../Engine/Content/EngineResources/DefaultTexture.uasset" 499
"../../../Engine/Content/ArtTools/RenderToTexture/MaterialFunctions/FlipbookWind.uasset" 500
"../../../../../../Users/zeyul/Documents/GitHub/Unreal-Template/Unreal_Template/Content/Textures/Placeholder/tex_diffuse.uasset" 501
"../../../../../../Users/zeyul/Documents/GitHub/Unreal-Template/Unreal_Template/Content/Material/Master_Material/M_grass_basic.uasset" 502
"../../../../../../Users/zeyul/Documents/GitHub/Unreal-Template/Unreal_Template/Content/Textures/Grass_Flower/tex_flower_red_diff.uasset" 503
"../../../../../../Users/zeyul/Documents/GitHub/Unreal-Template/Unreal_Template/Content/Material/Child_Material/M_flower_basic_red_Inst.uasset" 504
"../../../../../../Users/zeyul/Documents/GitHub/Unreal-Template/Unreal_Template/Content/Meshes/Flowers/SM_grass_flower2.uasset" 505
"../../../../../../Users/zeyul/Documents/GitHub/Unreal-Template/Unreal_Template/Content/Textures/Grass_Flower/tex_grass_diff.uasset" 506
"../../../../../../Users/zeyul/Documents/GitHub/Unreal-Template/Unreal_Template/Content/Material/Child_Material/M_grass_basic_Inst.uasset" 507
"../../../../../../Users/zeyul/Documents/GitHub/Unreal-Template/Unreal_Template/Content/Meshes/Grass/SM_grass1.uasset" 508
"../../../../../../Users/zeyul/Documents/GitHub/Unreal-Template/Unreal_Template/Content/Meshes/Grass/SM_grass2.uasset" 509
"../../../../../../Users/zeyul/Documents/GitHub/Unreal-Template/Unreal_Template/Content/Meshes/Grass/SM_grass3.uasset" 510
"../../../../../../Users/zeyul/Documents/GitHub/Unreal-Template/Unreal_Template/Content/StarterContent/Props/Materials/Material.uasset" 511
"../../../../../../Users/zeyul/Documents/GitHub/Unreal-Template/Unreal_Template/Content/Models/monument.uasset" 512
"../../../../../../Users/zeyul/Documents/GitHub/Unreal-Template/Unreal_Template/Content/Models/Material.uasset" 513
"../../../../../../Users/zeyul/Documents/GitHub/Unreal-Template/Unreal_Template/Content/Models/ring.uasset" 514
"../../../../../../Users/zeyul/Documents/GitHub/Unreal-Template/Unreal_Template/Content/Models/trees/bark03_n.uasset" 515
"../../../../../../Users/zeyul/Documents/GitHub/Unreal-Template/Unreal_Template/Content/Models/trees/bark03_s.uasset" 516
"../../../../../../Users/zeyul/Documents/GitHub/Unreal-Template/Unreal_Template/Content/Models/trees/bark13.uasset" 517
"../../../../../../Users/zeyul/Documents/GitHub/Unreal-Template/Unreal_Template/Content/Models/trees/bark12.uasset" 518
"../../../Engine/Content/Functions/Engine_MaterialFunctions01/WorldPositionOffset/SimpleGrassWind.uasset" 519
"../../../../../../Users/zeyul/Documents/GitHub/Unreal-Template/Unreal_Template/Content/Models/trees/leaf_tropical1.uasset" 520
"../../../../../../Users/zeyul/Documents/GitHub/Unreal-Template/Unreal_Template/Content/Models/trees/leaf_tropical.uasset" 521
"../../../../../../Users/zeyul/Documents/GitHub/Unreal-Template/Unreal_Template/Content/Models/trees/tree1.uasset" 522
"../../../../../../Users/zeyul/Documents/GitHub/Unreal-Template/Unreal_Template/Content/Models/trees/leaf_walnut.uasset" 523
"../../../../../../Users/zeyul/Documents/GitHub/Unreal-Template/Unreal_Template/Content/Models/trees/leaf_walnut1.uasset" 524
"../../../../../../Users/zeyul/Documents/GitHub/Unreal-Template/Unreal_Template/Content/Models/trees/tree2.uasset" 525
"../../../../../../Users/zeyul/Documents/GitHub/Unreal-Template/Unreal_Template/Content/Sounds/ding.uasset" 526
"../../../../../../Users/zeyul/Documents/GitHub/Unreal-Template/Unreal_Template/Content/Sounds/Music/main.uasset" 527
"../../../../../../Users/zeyul/Documents/GitHub/Unreal-Template/Unreal_Template/Content/Sounds/Music/main_theme.uasset" 528
"../../../../../../Users/zeyul/Documents/GitHub/Unreal-Template/Unreal_Template/Content/UI/end.uasset" 529
"../../../../../../Users/zeyul/Documents/GitHub/Unreal-Template/Unreal_Template/Content/UI/start.uasset" 530
"../../../../../../Users/zeyul/Documents/GitHub/Unreal-Template/Unreal_Template/Content/Maps/Main.umap" 531
"../../../../../../Users/zeyul/Documents/GitHub/Unreal-Template/Unreal_Template/Content/StarterContent/Blueprints/Assets/FogBrightnessLUT.uasset" 532
"../../../../../../Users/zeyul/Documents/GitHub/Unreal-Template/Unreal_Template/Content/StarterContent/Blueprints/Assets/SunlightColorLUT.uasset" 533
"../../../../../../Users/zeyul/Documents/GitHub/Unreal-Template/Unreal_Template/Content/StarterContent/Blueprints/Assets/M_LightStage_Arrows.uasset" 534
"../../../../../../Users/zeyul/Documents/GitHub/Unreal-Template/Unreal_Template/Content/StarterContent/Blueprints/Assets/M_LightStage_Skybox_Master.uasset" 535
"../../../../../../Users/zeyul/Documents/GitHub/Unreal-Template/Unreal_Template/Content/StarterContent/Blueprints/Assets/M_LightStage_Skybox_Black.uasset" 536
"../../../../../../Users/zeyul/Documents/GitHub/Unreal-Template/Unreal_Template/Content/StarterContent/Blueprints/Assets/M_LightStage_Skybox_HDRI.uasset" 537
"../../../Engine/Content/EditorMaterials/Thumbnails/SkySphereMaterial.uasset" 538
"../../../../../../Users/zeyul/Documents/GitHub/Unreal-Template/Unreal_Template/Content/StarterContent/Blueprints/Assets/Skybox.uasset" 539
"../../../../../../Users/zeyul/Documents/GitHub/Unreal-Template/Unreal_Template/Content/StarterContent/Blueprints/Assets/SM_Arrows.uasset" 540
"../../../../../../Users/zeyul/Documents/GitHub/Unreal-Template/Unreal_Template/Content/StarterContent/HDRI/HDRI_Epic_Courtyard_Daylight.uasset" 541
"../../../../../../Users/zeyul/Documents/GitHub/Unreal-Template/Unreal_Template/Content/StarterContent/Blueprints/BP_LightStudio.uasset" 542
"../../../../../../Users/zeyul/Documents/GitHub/Unreal-Template/Unreal_Template/Content/StarterContent/Materials/M_AssetPlatform.uasset" 543
"../../../Engine/Content/EditorMeshes/ColorCalibrator/M_ChromeBall.uasset" 544
"../../../Engine/Content/EditorMeshes/ColorCalibrator/M_ClearCoat.uasset" 545
"../../../Engine/Content/EditorMeshes/ColorCalibrator/M_ClearCoatBlack.uasset" 546
"../../../Engine/Content/EditorMeshes/ColorCalibrator/Color_checker.uasset" 547
"../../../Engine/Content/EditorMeshes/ColorCalibrator/M_ColorGrid.uasset" 548
"../../../Engine/Content/EditorMeshes/ColorCalibrator/M_GreyBall.uasset" 549
"../../../Engine/Content/EditorMeshes/ColorCalibrator/SM_ColorCalibrator.uasset" 550
"../../../../../../Users/zeyul/Documents/GitHub/Unreal-Template/Unreal_Template/Content/StarterContent/Architecture/SM_AssetPlatform.uasset" 551
"../../../../../../Users/zeyul/Documents/GitHub/Unreal-Template/Unreal_Template/Content/StarterContent/Maps/Advanced_Lighting.umap" 552
"../../../../../../Users/zeyul/Documents/GitHub/Unreal-Template/Unreal_Template/Content/WaterPlane/Lake/Textures/T_MediumWaves_H.uasset" 553
"../../../../../../Users/zeyul/Documents/GitHub/Unreal-Template/Unreal_Template/Content/WaterPlane/Lake/Textures/T_MediumWaves_N.uasset" 554
"../../../../../../Users/zeyul/Documents/GitHub/Unreal-Template/Unreal_Template/Content/WaterPlane/Lake/Materials/M_LakeWater_01.uasset" 555
"../../../../../../Users/zeyul/Documents/GitHub/Unreal-Template/Unreal_Template/Content/WaterPlane/Lake/Materials/M_LakeWater_01_Inst.uasset" 556
"../../../../../../Users/zeyul/Documents/GitHub/Unreal-Template/Unreal_Template/Content/WaterPlane/Lake/Blueprint/BP_LakeWater.uasset" 557
"../../../../../../Users/zeyul/Documents/GitHub/Unreal-Template/Unreal_Template/Content/WaterPlane/Environment/Textures/T_Detail_Rocky_N.uasset" 558
"../../../../../../Users/zeyul/Documents/GitHub/Unreal-Template/Unreal_Template/Content/WaterPlane/Environment/Textures/T_Rock_Basalt_D.uasset" 559
"../../../../../../Users/zeyul/Documents/GitHub/Unreal-Template/Unreal_Template/Content/WaterPlane/Environment/Textures/T_RockMesh_M.uasset" 560
"../../../../../../Users/zeyul/Documents/GitHub/Unreal-Template/Unreal_Template/Content/WaterPlane/Environment/Textures/T_RockMesh_N.uasset" 561
"../../../../../../Users/zeyul/Documents/GitHub/Unreal-Template/Unreal_Template/Content/WaterPlane/Environment/Props/Materials/M_Rock.uasset" 562
"../../../../../../Users/zeyul/Documents/GitHub/Unreal-Template/Unreal_Template/Content/WaterPlane/Environment/Props/SM_Rock.uasset" 563
"../../../../../../Users/zeyul/Documents/GitHub/Unreal-Template/Unreal_Template/Content/WaterPlane/Maps/LakeWater_Example.umap" 564
"../../../../../../Users/zeyul/Documents/GitHub/Unreal-Template/Unreal_Template/Content/WaterPlane/Maps/OceanWater_Example.umap" 565
"../../../../../../Users/zeyul/Documents/GitHub/Unreal-Template/Unreal_Template/Content/WaterPlane/Environment/HDRI/HDRI_Epic_Courtyard_Daylight.uasset" 566
"../../../../../../Users/zeyul/Documents/GitHub/Unreal-Template/Unreal_Template/Content/WaterPlane/Translucent/Materials/M_TranslucentWater.uasset" 567
"../../../../../../Users/zeyul/Documents/GitHub/Unreal-Template/Unreal_Template/Content/WaterPlane/Translucent/Materials/M_TranslucentWater_Inst.uasset" 568
"../../../../../../Users/zeyul/Documents/GitHub/Unreal-Template/Unreal_Template/Content/WaterPlane/Translucent/Blueprint/BP_TranslucentWater.uasset" 569
"../../../../../../Users/zeyul/Documents/GitHub/Unreal-Template/Unreal_Template/Content/WaterPlane/Environment/Textures/T_MacroVariation.uasset" 570
"../../../../../../Users/zeyul/Documents/GitHub/Unreal-Template/Unreal_Template/Content/WaterPlane/Environment/Textures/T_Perlin_Noise_M.uasset" 571
"../../../../../../Users/zeyul/Documents/GitHub/Unreal-Template/Unreal_Template/Content/WaterPlane/Environment/Textures/T_Rock_Basalt_N.uasset" 572
"../../../../../../Users/zeyul/Documents/GitHub/Unreal-Template/Unreal_Template/Content/WaterPlane/Environment/Materials/M_Rock_Basalt.uasset" 573
"../../../../../../Users/zeyul/Documents/GitHub/Unreal-Template/Unreal_Template/Content/WaterPlane/Maps/TranslucentWater_Example.umap" 574
"../../../Engine/Content/Maps/Entry_BuiltData.uasset" 575
"../../../Engine/Content/Maps/Entry.umap" 576
